<?xml version="1.0" encoding="UTF-8"?>
<!-- Generated by org.testng.reporters.JUnitReportReporter -->
<testsuite hostname="DESKTOP-F2TGJ1K" failures="0" tests="1" name="demo.ProjeOne.Digital_Trust" time="8.630" errors="0" timestamp="2021-07-30T13:08:32 IST" skipped="0">
  <testcase classname="demo.ProjeOne.Digital_Trust" name="test" time="8.630"/>
  <system-out>
    <![CDATA[ChromeBrowser got launched]]>
  </system-out>
</testsuite> <!-- demo.ProjeOne.Digital_Trust -->
