<?xml version="1.0" encoding="UTF-8"?>
<!-- Generated by org.testng.reporters.JUnitReportReporter -->
<testsuite hostname="DESKTOP-F2TGJ1K" failures="0" tests="1" name="demo.ProjeOne.BrontoDoctorLogin" time="10.037" errors="0" timestamp="2021-08-03T10:32:45 IST" skipped="0">
  <testcase classname="demo.ProjeOne.BrontoDoctorLogin" name="demotest" time="10.037"/>
  <system-out>
    <![CDATA[ChromeBrowser got launched
<a target="_blank" href="C:\Users\Codet\eclipse-workspace\ProjeOne\screenshots\screenshot1.png">Screenshot2</a>
<img src="C:\Users\Codet\eclipse-workspace\ProjeOne\screenshots\screenshot1.png"/>]]>
  </system-out>
</testsuite> <!-- demo.ProjeOne.BrontoDoctorLogin -->
