<?xml version="1.0" encoding="UTF-8"?>
<!-- Generated by org.testng.reporters.JUnitReportReporter -->
<testsuite hostname="DESKTOP-F2TGJ1K" failures="0" tests="1" name="Testcase.BrontoPatint.AddDeptDocu" time="9.300" errors="0" timestamp="2021-08-02T12:22:27 IST" skipped="0">
  <testcase classname="Testcase.BrontoPatint.AddDeptDocu" name="HomePage" time="9.300"/>
  <system-out/>
</testsuite> <!-- Testcase.BrontoPatint.AddDeptDocu -->
