<?xml version="1.0" encoding="UTF-8"?>
<!-- Generated by org.testng.reporters.JUnitReportReporter -->
<testsuite hostname="DESKTOP-F2TGJ1K" failures="0" tests="1" name="demo.ProjeOne.MyTest1" time="5.352" errors="0" timestamp="2021-08-03T16:15:01 IST" skipped="0">
  <testcase classname="demo.ProjeOne.MyTest1" name="afterClass" time="5.352"/>
  <system-out/>
</testsuite> <!-- demo.ProjeOne.MyTest1 -->
